<component name="libraryTable">
  <library name="junit-4.8">
    <CLASSES>
      <root url="jar://$PROJECT_DIR$/lib/junit-4.8.jar!/" />
      <root url="jar://$PROJECT_DIR$/lib/log4j-1.2.17.jar!/" />
      <root url="jar://$PROJECT_DIR$/lib/lombok-1.16.20.jar!/" />
      <root url="jar://$PROJECT_DIR$/lib/mybatis-3.4.6.jar!/" />
      <root url="jar://$PROJECT_DIR$/lib/mysql-connector-java-5.1.40-bin.jar!/" />
    </CLASSES>
    <JAVADOC />
    <SOURCES />
  </library>
</component>